Determining if the include file dirent.h exists failed with the following output:
Change Dir: C:/Users/Jack/Downloads/pcre2-10.31/build/CMakeFiles/CMakeTmp

Run Build Command:"C:/Program Files (x86)/Microsoft Visual Studio/2017/Community/MSBuild/15.0/Bin/MSBuild.exe" "cmTC_debd7.vcxproj" "/p:Configuration=Debug" "/p:VisualStudioVersion=15.0"
Microsoft (R) Build Engine version 15.5.180.51428 for .NET Framework
Copyright (C) Microsoft Corporation. All rights reserved.

Build started 09/03/2018 23:23:00.
Project "C:\Users\Jack\Downloads\pcre2-10.31\build\CMakeFiles\CMakeTmp\cmTC_debd7.vcxproj" on node 1 (default targets).
PrepareForBuild:
  Creating directory "cmTC_debd7.dir\Debug\".
  Creating directory "C:\Users\Jack\Downloads\pcre2-10.31\build\CMakeFiles\CMakeTmp\Debug\".
  Creating directory "cmTC_debd7.dir\Debug\cmTC_debd7.tlog\".
InitializeBuildStatus:
  Creating "cmTC_debd7.dir\Debug\cmTC_debd7.tlog\unsuccessfulbuild" because "AlwaysCreate" was specified.
ClCompile:
  C:\Program Files (x86)\Microsoft Visual Studio\2017\Community\VC\Tools\MSVC\14.12.25827\bin\HostX86\x86\CL.exe /c /I"C:/Users/Jack/Downloads/pcre2-10.31/src" /Zi /W3 /WX- /diagnostics:classic /Od /Ob0 /Oy- /D WIN32 /D _WINDOWS /D "CMAKE_INTDIR=\"Debug\"" /D _MBCS /Gm- /RTC1 /MDd /GS /fp:precise /Zc:wchar_t /Zc:forScope /Zc:inline /Fo"cmTC_debd7.dir\Debug\\" /Fd"cmTC_debd7.dir\Debug\vc141.pdb" /Gd /TC /analyze- /errorReport:queue "C:\Users\Jack\Downloads\pcre2-10.31\build\CMakeFiles\CMakeTmp\CheckIncludeFile.c"
  Microsoft (R) C/C++ Optimizing Compiler Version 19.12.25834 for x86
  Copyright (C) Microsoft Corporation.  All rights reserved.
  
  cl /c /I"C:/Users/Jack/Downloads/pcre2-10.31/src" /Zi /W3 /WX- /diagnostics:classic /Od /Ob0 /Oy- /D WIN32 /D _WINDOWS /D "CMAKE_INTDIR=\"Debug\"" /D _MBCS /Gm- /RTC1 /MDd /GS /fp:precise /Zc:wchar_t /Zc:forScope /Zc:inline /Fo"cmTC_debd7.dir\Debug\\" /Fd"cmTC_debd7.dir\Debug\vc141.pdb" /Gd /TC /analyze- /errorReport:queue "C:\Users\Jack\Downloads\pcre2-10.31\build\CMakeFiles\CMakeTmp\CheckIncludeFile.c"
  CheckIncludeFile.c
  
C:\Users\Jack\Downloads\pcre2-10.31\build\CMakeFiles\CMakeTmp\CheckIncludeFile.c(1): fatal error C1083: Cannot open include file: 'dirent.h': No such file or directory [C:\Users\Jack\Downloads\pcre2-10.31\build\CMakeFiles\CMakeTmp\cmTC_debd7.vcxproj]
Done Building Project "C:\Users\Jack\Downloads\pcre2-10.31\build\CMakeFiles\CMakeTmp\cmTC_debd7.vcxproj" (default targets) -- FAILED.

Build FAILED.

"C:\Users\Jack\Downloads\pcre2-10.31\build\CMakeFiles\CMakeTmp\cmTC_debd7.vcxproj" (default target) (1) ->
(ClCompile target) -> 
  C:\Users\Jack\Downloads\pcre2-10.31\build\CMakeFiles\CMakeTmp\CheckIncludeFile.c(1): fatal error C1083: Cannot open include file: 'dirent.h': No such file or directory [C:\Users\Jack\Downloads\pcre2-10.31\build\CMakeFiles\CMakeTmp\cmTC_debd7.vcxproj]

    0 Warning(s)
    1 Error(s)

Time Elapsed 00:00:00.55


Determining if the include file unistd.h exists failed with the following output:
Change Dir: C:/Users/Jack/Downloads/pcre2-10.31/build/CMakeFiles/CMakeTmp

Run Build Command:"C:/Program Files (x86)/Microsoft Visual Studio/2017/Community/MSBuild/15.0/Bin/MSBuild.exe" "cmTC_1024b.vcxproj" "/p:Configuration=Debug" "/p:VisualStudioVersion=15.0"
Microsoft (R) Build Engine version 15.5.180.51428 for .NET Framework
Copyright (C) Microsoft Corporation. All rights reserved.

Build started 09/03/2018 23:23:05.
Project "C:\Users\Jack\Downloads\pcre2-10.31\build\CMakeFiles\CMakeTmp\cmTC_1024b.vcxproj" on node 1 (default targets).
PrepareForBuild:
  Creating directory "cmTC_1024b.dir\Debug\".
  Creating directory "C:\Users\Jack\Downloads\pcre2-10.31\build\CMakeFiles\CMakeTmp\Debug\".
  Creating directory "cmTC_1024b.dir\Debug\cmTC_1024b.tlog\".
InitializeBuildStatus:
  Creating "cmTC_1024b.dir\Debug\cmTC_1024b.tlog\unsuccessfulbuild" because "AlwaysCreate" was specified.
ClCompile:
  C:\Program Files (x86)\Microsoft Visual Studio\2017\Community\VC\Tools\MSVC\14.12.25827\bin\HostX86\x86\CL.exe /c /I"C:/Users/Jack/Downloads/pcre2-10.31/src" /Zi /W3 /WX- /diagnostics:classic /Od /Ob0 /Oy- /D WIN32 /D _WINDOWS /D "CMAKE_INTDIR=\"Debug\"" /D _MBCS /Gm- /RTC1 /MDd /GS /fp:precise /Zc:wchar_t /Zc:forScope /Zc:inline /Fo"cmTC_1024b.dir\Debug\\" /Fd"cmTC_1024b.dir\Debug\vc141.pdb" /Gd /TC /analyze- /errorReport:queue "C:\Users\Jack\Downloads\pcre2-10.31\build\CMakeFiles\CMakeTmp\CheckIncludeFile.c"
  Microsoft (R) C/C++ Optimizing Compiler Version 19.12.25834 for x86
  Copyright (C) Microsoft Corporation.  All rights reserved.
  
  cl /c /I"C:/Users/Jack/Downloads/pcre2-10.31/src" /Zi /W3 /WX- /diagnostics:classic /Od /Ob0 /Oy- /D WIN32 /D _WINDOWS /D "CMAKE_INTDIR=\"Debug\"" /D _MBCS /Gm- /RTC1 /MDd /GS /fp:precise /Zc:wchar_t /Zc:forScope /Zc:inline /Fo"cmTC_1024b.dir\Debug\\" /Fd"cmTC_1024b.dir\Debug\vc141.pdb" /Gd /TC /analyze- /errorReport:queue "C:\Users\Jack\Downloads\pcre2-10.31\build\CMakeFiles\CMakeTmp\CheckIncludeFile.c"
  CheckIncludeFile.c
  
C:\Users\Jack\Downloads\pcre2-10.31\build\CMakeFiles\CMakeTmp\CheckIncludeFile.c(1): fatal error C1083: Cannot open include file: 'unistd.h': No such file or directory [C:\Users\Jack\Downloads\pcre2-10.31\build\CMakeFiles\CMakeTmp\cmTC_1024b.vcxproj]
Done Building Project "C:\Users\Jack\Downloads\pcre2-10.31\build\CMakeFiles\CMakeTmp\cmTC_1024b.vcxproj" (default targets) -- FAILED.

Build FAILED.

"C:\Users\Jack\Downloads\pcre2-10.31\build\CMakeFiles\CMakeTmp\cmTC_1024b.vcxproj" (default target) (1) ->
(ClCompile target) -> 
  C:\Users\Jack\Downloads\pcre2-10.31\build\CMakeFiles\CMakeTmp\CheckIncludeFile.c(1): fatal error C1083: Cannot open include file: 'unistd.h': No such file or directory [C:\Users\Jack\Downloads\pcre2-10.31\build\CMakeFiles\CMakeTmp\cmTC_1024b.vcxproj]

    0 Warning(s)
    1 Error(s)

Time Elapsed 00:00:00.54


Determining if the function bcopy exists failed with the following output:
Change Dir: C:/Users/Jack/Downloads/pcre2-10.31/build/CMakeFiles/CMakeTmp

Run Build Command:"C:/Program Files (x86)/Microsoft Visual Studio/2017/Community/MSBuild/15.0/Bin/MSBuild.exe" "cmTC_3e1a4.vcxproj" "/p:Configuration=Debug" "/p:VisualStudioVersion=15.0"
Microsoft (R) Build Engine version 15.5.180.51428 for .NET Framework
Copyright (C) Microsoft Corporation. All rights reserved.

Build started 09/03/2018 23:23:07.
Project "C:\Users\Jack\Downloads\pcre2-10.31\build\CMakeFiles\CMakeTmp\cmTC_3e1a4.vcxproj" on node 1 (default targets).
PrepareForBuild:
  Creating directory "cmTC_3e1a4.dir\Debug\".
  Creating directory "C:\Users\Jack\Downloads\pcre2-10.31\build\CMakeFiles\CMakeTmp\Debug\".
  Creating directory "cmTC_3e1a4.dir\Debug\cmTC_3e1a4.tlog\".
InitializeBuildStatus:
  Creating "cmTC_3e1a4.dir\Debug\cmTC_3e1a4.tlog\unsuccessfulbuild" because "AlwaysCreate" was specified.
ClCompile:
  C:\Program Files (x86)\Microsoft Visual Studio\2017\Community\VC\Tools\MSVC\14.12.25827\bin\HostX86\x86\CL.exe /c /I"C:/Users/Jack/Downloads/pcre2-10.31/src" /Zi /W3 /WX- /diagnostics:classic /Od /Ob0 /Oy- /D WIN32 /D _WINDOWS /D CHECK_FUNCTION_EXISTS=bcopy /D "CMAKE_INTDIR=\"Debug\"" /D _MBCS /Gm- /RTC1 /MDd /GS /fp:precise /Zc:wchar_t /Zc:forScope /Zc:inline /Fo"cmTC_3e1a4.dir\Debug\\" /Fd"cmTC_3e1a4.dir\Debug\vc141.pdb" /Gd /TC /analyze- /errorReport:queue "C:\Program Files\CMake\share\cmake-3.10\Modules\CheckFunctionExists.c"
  Microsoft (R) C/C++ Optimizing Compiler Version 19.12.25834 for x86
  Copyright (C) Microsoft Corporation.  All rights reserved.
  
  cl /c /I"C:/Users/Jack/Downloads/pcre2-10.31/src" /Zi /W3 /WX- /diagnostics:classic /Od /Ob0 /Oy- /D WIN32 /D _WINDOWS /D CHECK_FUNCTION_EXISTS=bcopy /D "CMAKE_INTDIR=\"Debug\"" /D _MBCS /Gm- /RTC1 /MDd /GS /fp:precise /Zc:wchar_t /Zc:forScope /Zc:inline /Fo"cmTC_3e1a4.dir\Debug\\" /Fd"cmTC_3e1a4.dir\Debug\vc141.pdb" /Gd /TC /analyze- /errorReport:queue "C:\Program Files\CMake\share\cmake-3.10\Modules\CheckFunctionExists.c"
  CheckFunctionExists.c
  
Link:
  C:\Program Files (x86)\Microsoft Visual Studio\2017\Community\VC\Tools\MSVC\14.12.25827\bin\HostX86\x86\link.exe /ERRORREPORT:QUEUE /OUT:"C:\Users\Jack\Downloads\pcre2-10.31\build\CMakeFiles\CMakeTmp\Debug\cmTC_3e1a4.exe" /INCREMENTAL /NOLOGO kernel32.lib user32.lib gdi32.lib winspool.lib shell32.lib ole32.lib oleaut32.lib uuid.lib comdlg32.lib advapi32.lib /MANIFEST /MANIFESTUAC:"level='asInvoker' uiAccess='false'" /manifest:embed /DEBUG /PDB:"C:/Users/Jack/Downloads/pcre2-10.31/build/CMakeFiles/CMakeTmp/Debug/cmTC_3e1a4.pdb" /SUBSYSTEM:CONSOLE /TLBID:1 /DYNAMICBASE /NXCOMPAT /IMPLIB:"C:/Users/Jack/Downloads/pcre2-10.31/build/CMakeFiles/CMakeTmp/Debug/cmTC_3e1a4.lib" /MACHINE:X86 /SAFESEH  /machine:X86 cmTC_3e1a4.dir\Debug\CheckFunctionExists.obj
CheckFunctionExists.obj : error LNK2019: unresolved external symbol _bcopy referenced in function _main [C:\Users\Jack\Downloads\pcre2-10.31\build\CMakeFiles\CMakeTmp\cmTC_3e1a4.vcxproj]
C:\Users\Jack\Downloads\pcre2-10.31\build\CMakeFiles\CMakeTmp\Debug\cmTC_3e1a4.exe : fatal error LNK1120: 1 unresolved externals [C:\Users\Jack\Downloads\pcre2-10.31\build\CMakeFiles\CMakeTmp\cmTC_3e1a4.vcxproj]
Done Building Project "C:\Users\Jack\Downloads\pcre2-10.31\build\CMakeFiles\CMakeTmp\cmTC_3e1a4.vcxproj" (default targets) -- FAILED.

Build FAILED.

"C:\Users\Jack\Downloads\pcre2-10.31\build\CMakeFiles\CMakeTmp\cmTC_3e1a4.vcxproj" (default target) (1) ->
(Link target) -> 
  CheckFunctionExists.obj : error LNK2019: unresolved external symbol _bcopy referenced in function _main [C:\Users\Jack\Downloads\pcre2-10.31\build\CMakeFiles\CMakeTmp\cmTC_3e1a4.vcxproj]
  C:\Users\Jack\Downloads\pcre2-10.31\build\CMakeFiles\CMakeTmp\Debug\cmTC_3e1a4.exe : fatal error LNK1120: 1 unresolved externals [C:\Users\Jack\Downloads\pcre2-10.31\build\CMakeFiles\CMakeTmp\cmTC_3e1a4.vcxproj]

    0 Warning(s)
    2 Error(s)

Time Elapsed 00:00:00.75


